{
  "RSpec": {
    "coverage": {
      "/home/lenovoo/projects/testA/spec/support/factory_bot.rb": {
        "lines": [
          1,
          1,
          null
        ]
      },
      "/home/lenovoo/projects/testA/app/helpers/api/user_helper.rb": {
        "lines": [
          1,
          null
        ]
      },
      "/home/lenovoo/projects/testA/app/helpers/api/users_helper.rb": {
        "lines": [
          1,
          null
        ]
      },
      "/home/lenovoo/projects/testA/app/helpers/application_helper.rb": {
        "lines": [
          1,
          null
        ]
      },
      "/home/lenovoo/projects/testA/app/controllers/api/user_controller.rb": {
        "lines": [
          1,
          1,
          null,
          1,
          null,
          null,
          1,
          1,
          null,
          null,
          1,
          null,
          1,
          1,
          1,
          null,
          null,
          1,
          1,
          null,
          null,
          1,
          1,
          1,
          null,
          null,
          1,
          1,
          1,
          1,
          2,
          null,
          1,
          1,
          null,
          null,
          1,
          null,
          1,
          2,
          null,
          null
        ]
      },
      "/home/lenovoo/projects/testA/app/controllers/application_controller.rb": {
        "lines": [
          1,
          1,
          null
        ]
      },
      "/home/lenovoo/projects/testA/app/models/user.rb": {
        "lines": [
          1,
          1,
          null,
          1,
          1,
          null,
          null,
          null
        ]
      },
      "/home/lenovoo/projects/testA/app/models/application_record.rb": {
        "lines": [
          1,
          1,
          null
        ]
      }
    },
    "timestamp": 1653286858
  }
}
